<?xml version="1.0" encoding="UTF-8"?>
<!-- Generated by org.testng.reporters.JUnitReportReporter -->
<testsuite hostname="saurav_041" failures="0" tests="1" name="runners.TestNGRunner" time="11.418" errors="0" timestamp="2025-03-14T17:56:15 IST" skipped="0">
  <testcase classname="runners.TestNGRunner" name="runScenario" time="11.418"/>
  <system-out/>
</testsuite> <!-- runners.TestNGRunner -->
