<?xml version="1.0" encoding="UTF-8"?>
<!-- Generated by org.testng.reporters.JUnitReportReporter -->
<testsuite hostname="saurav_041" failures="0" tests="3" name="runners.TestNGRunner" time="42.777" errors="0" timestamp="2025-03-14T20:21:45 IST" skipped="0">
  <testcase classname="runners.TestNGRunner" name="runScenario" time="10.158"/>
  <system-out/>
  <testcase classname="runners.TestNGRunner" name="runScenario" time="14.468"/>
  <system-out/>
  <testcase classname="runners.TestNGRunner" name="runScenario" time="18.151"/>
  <system-out/>
</testsuite> <!-- runners.TestNGRunner -->
